<?xml version="1.0" encoding="UTF-8"?>
<testng-results ignored="0" total="5" passed="5" failed="0" skipped="0">
  <reporter-output>
  </reporter-output>
  <suite started-at="2020-11-07T01:46:59 EAT" name="Surefire suite" finished-at="2020-11-07T01:48:12 EAT" duration-ms="72703">
    <groups>
      <group name="cucumber">
        <method signature="AbstractTestNGCucumberTests.runScenario(io.cucumber.testng.PickleWrapper, io.cucumber.testng.FeatureWrapper)[pri:0, instance:calculator.ui.TestRunner@e50a6f6]" name="runScenario" class="io.cucumber.testng.AbstractTestNGCucumberTests"/>
      </group> <!-- cucumber -->
    </groups>
    <test started-at="2020-11-07T01:46:59 EAT" name="Surefire test" finished-at="2020-11-07T01:48:12 EAT" duration-ms="72703">
      <class name="calculator.ui.TestRunner">
        <test-method is-config="true" signature="setUp()[pri:0, instance:calculator.ui.TestRunner@e50a6f6]" started-at="2020-11-07T01:46:56 EAT" name="setUp" finished-at="2020-11-07T01:46:59 EAT" duration-ms="3163" status="PASS">
          <reporter-output>
          </reporter-output>
        </test-method> <!-- setUp -->
        <test-method is-config="true" signature="setUpClass()[pri:0, instance:calculator.ui.TestRunner@e50a6f6]" started-at="2020-11-07T01:46:59 EAT" name="setUpClass" finished-at="2020-11-07T01:47:00 EAT" duration-ms="667" status="PASS">
          <reporter-output>
          </reporter-output>
        </test-method> <!-- setUpClass -->
        <test-method signature="runScenario(io.cucumber.testng.PickleWrapper, io.cucumber.testng.FeatureWrapper)[pri:0, instance:calculator.ui.TestRunner@e50a6f6]" started-at="2020-11-07T01:47:00 EAT" name="runScenario" description="Runs Cucumber Scenarios" data-provider="scenarios" finished-at="2020-11-07T01:47:12 EAT" duration-ms="11916" status="PASS">
          <params>
            <param index="0">
              <value>
                <![CDATA["Addition"]]>
              </value>
            </param>
            <param index="1">
              <value>
                <![CDATA["Optional[Calculator]"]]>
              </value>
            </param>
          </params>
          <reporter-output>
          </reporter-output>
        </test-method> <!-- runScenario -->
        <test-method signature="runScenario(io.cucumber.testng.PickleWrapper, io.cucumber.testng.FeatureWrapper)[pri:0, instance:calculator.ui.TestRunner@e50a6f6]" started-at="2020-11-07T01:47:12 EAT" name="runScenario" description="Runs Cucumber Scenarios" data-provider="scenarios" finished-at="2020-11-07T01:47:22 EAT" duration-ms="10594" status="PASS">
          <params>
            <param index="0">
              <value>
                <![CDATA["Addition"]]>
              </value>
            </param>
            <param index="1">
              <value>
                <![CDATA["Optional[Calculator]"]]>
              </value>
            </param>
          </params>
          <reporter-output>
          </reporter-output>
        </test-method> <!-- runScenario -->
        <test-method signature="runScenario(io.cucumber.testng.PickleWrapper, io.cucumber.testng.FeatureWrapper)[pri:0, instance:calculator.ui.TestRunner@e50a6f6]" started-at="2020-11-07T01:47:22 EAT" name="runScenario" description="Runs Cucumber Scenarios" data-provider="scenarios" finished-at="2020-11-07T01:47:43 EAT" duration-ms="20439" status="PASS">
          <params>
            <param index="0">
              <value>
                <![CDATA["Addition"]]>
              </value>
            </param>
            <param index="1">
              <value>
                <![CDATA["Optional[Calculator]"]]>
              </value>
            </param>
          </params>
          <reporter-output>
          </reporter-output>
        </test-method> <!-- runScenario -->
        <test-method signature="runScenario(io.cucumber.testng.PickleWrapper, io.cucumber.testng.FeatureWrapper)[pri:0, instance:calculator.ui.TestRunner@e50a6f6]" started-at="2020-11-07T01:47:43 EAT" name="runScenario" description="Runs Cucumber Scenarios" data-provider="scenarios" finished-at="2020-11-07T01:48:02 EAT" duration-ms="19656" status="PASS">
          <params>
            <param index="0">
              <value>
                <![CDATA["Addition"]]>
              </value>
            </param>
            <param index="1">
              <value>
                <![CDATA["Optional[Calculator]"]]>
              </value>
            </param>
          </params>
          <reporter-output>
          </reporter-output>
        </test-method> <!-- runScenario -->
        <test-method signature="runScenario(io.cucumber.testng.PickleWrapper, io.cucumber.testng.FeatureWrapper)[pri:0, instance:calculator.ui.TestRunner@e50a6f6]" started-at="2020-11-07T01:48:02 EAT" name="runScenario" description="Runs Cucumber Scenarios" data-provider="scenarios" finished-at="2020-11-07T01:48:11 EAT" duration-ms="9068" status="PASS">
          <params>
            <param index="0">
              <value>
                <![CDATA["Subtraction"]]>
              </value>
            </param>
            <param index="1">
              <value>
                <![CDATA["Optional[Calculator]"]]>
              </value>
            </param>
          </params>
          <reporter-output>
          </reporter-output>
        </test-method> <!-- runScenario -->
        <test-method is-config="true" signature="tearDownClass()[pri:0, instance:calculator.ui.TestRunner@e50a6f6]" started-at="2020-11-07T01:48:11 EAT" name="tearDownClass" finished-at="2020-11-07T01:48:12 EAT" duration-ms="311" status="PASS">
          <reporter-output>
          </reporter-output>
        </test-method> <!-- tearDownClass -->
        <test-method is-config="true" signature="tearDown()[pri:0, instance:calculator.ui.TestRunner@e50a6f6]" started-at="2020-11-07T01:48:12 EAT" name="tearDown" finished-at="2020-11-07T01:48:13 EAT" duration-ms="1291" status="PASS">
          <reporter-output>
          </reporter-output>
        </test-method> <!-- tearDown -->
      </class> <!-- calculator.ui.TestRunner -->
    </test> <!-- Surefire test -->
  </suite> <!-- Surefire suite -->
</testng-results>
