<?xml version="1.0" encoding="UTF-8"?>
<testsuite xmlns:xsi="http://www.w3.org/2001/XMLSchema-instance" xsi:noNamespaceSchemaLocation="https://maven.apache.org/surefire/maven-surefire-plugin/xsd/surefire-test-report-3.0.xsd" version="3.0" name="calculator.ui.TestRunner" time="77.872" tests="5" errors="0" skipped="0" failures="0">
  <properties>
[...]
</properties>
  <testcase name="runScenario[&quot;Addition&quot;, &quot;Optional[Calculator]&quot;](1)" classname="calculator.ui.TestRunner" time="11.895">
    <system-err><![CDATA[Nov 07, 2020 1:46:59 AM io.appium.java_client.remote.AppiumCommandExecutor$1 lambda$0
INFO: Detected dialect: OSS
]]></system-err>
  </testcase>
  <testcase name="runScenario[&quot;Addition&quot;, &quot;Optional[Calculator]&quot;](2)" classname="calculator.ui.TestRunner" time="10.591"/>
  <testcase name="runScenario[&quot;Addition&quot;, &quot;Optional[Calculator]&quot;](3)" classname="calculator.ui.TestRunner" time="20.439"/>
  <testcase name="runScenario[&quot;Addition&quot;, &quot;Optional[Calculator]&quot;](4)" classname="calculator.ui.TestRunner" time="19.656"/>
  <testcase name="runScenario[&quot;Subtraction&quot;, &quot;Optional[Calculator]&quot;](5)" classname="calculator.ui.TestRunner" time="9.144">
    <system-out><![CDATA[[log] CLICK on L[1288,786]@S(0) (546 msec)
[log] CLICK on L[1432,788]@S(0) (556 msec)
[log] CLICK on L[1289,882]@S(0) (540 msec)
[log] CLICK on L[1433,977]@S(0) (566 msec)
Score for 'minus-results' ==> 93.06870698928833 
]]></system-out>
  </testcase>
</testsuite>